2025-07-20T08:36:06.194+08:00  WARN 40160 --- [Summer] [HikariPool-1:housekeeper] com.zaxxer.hikari.pool.HikariPool        : HikariPool-1 - Thread starvation or clock leap detected (housekeeper delta=15h38m20s321ms360µs900ns).
2025-07-20T16:09:27.967+08:00  INFO 40160 --- [Summer] [SpringApplicationShutdownHook] o.s.b.w.e.tomcat.GracefulShutdown        : Commencing graceful shutdown. Waiting for active requests to complete
2025-07-20T16:09:28.019+08:00  INFO 40160 --- [Summer] [tomcat-shutdown] o.s.b.w.e.tomcat.GracefulShutdown        : Graceful shutdown complete
2025-07-20T16:09:28.060+08:00  INFO 40160 --- [Summer] [SpringApplicationShutdownHook] j.LocalContainerEntityManagerFactoryBean : Closing JPA EntityManagerFactory for persistence unit 'default'
2025-07-20T16:09:28.094+08:00  INFO 40160 --- [Summer] [SpringApplicationShutdownHook] com.zaxxer.hikari.HikariDataSource       : HikariPool-1 - Shutdown initiated...
2025-07-20T16:09:28.103+08:00  INFO 40160 --- [Summer] [SpringApplicationShutdownHook] com.zaxxer.hikari.HikariDataSource       : HikariPool-1 - Shutdown completed.
2025-07-20T16:19:31.864+08:00  INFO 25664 --- [Summer] [main] jesper.summer.SummerApplication          : Starting SummerApplication using Java 20.0.1 with PID 25664 (E:\Desktop\Github desktop备份集\Back\target\classes started by 13620 in E:\Desktop\Github desktop备份集\Back)
2025-07-20T16:19:31.866+08:00  INFO 25664 --- [Summer] [main] jesper.summer.SummerApplication          : No active profile set, falling back to 1 default profile: "default"
2025-07-20T16:19:32.950+08:00  INFO 25664 --- [Summer] [main] .s.d.r.c.RepositoryConfigurationDelegate : Bootstrapping Spring Data JPA repositories in DEFAULT mode.
2025-07-20T16:19:33.074+08:00  INFO 25664 --- [Summer] [main] .s.d.r.c.RepositoryConfigurationDelegate : Finished Spring Data repository scanning in 104 ms. Found 5 JPA repository interfaces.
2025-07-20T16:19:35.013+08:00  INFO 25664 --- [Summer] [main] o.s.b.w.embedded.tomcat.TomcatWebServer  : Tomcat initialized with port 10123 (http)
2025-07-20T16:19:35.034+08:00  INFO 25664 --- [Summer] [main] o.apache.catalina.core.StandardService   : Starting service [Tomcat]
2025-07-20T16:19:35.035+08:00  INFO 25664 --- [Summer] [main] o.apache.catalina.core.StandardEngine    : Starting Servlet engine: [Apache Tomcat/10.1.42]
2025-07-20T16:19:35.104+08:00  INFO 25664 --- [Summer] [main] o.a.c.c.C.[Tomcat].[localhost].[/]       : Initializing Spring embedded WebApplicationContext
2025-07-20T16:19:35.105+08:00  INFO 25664 --- [Summer] [main] w.s.c.ServletWebServerApplicationContext : Root WebApplicationContext: initialization completed in 3143 ms
2025-07-20T16:19:35.383+08:00  INFO 25664 --- [Summer] [main] com.zaxxer.hikari.HikariDataSource       : HikariPool-1 - Starting...
2025-07-20T16:19:37.009+08:00  INFO 25664 --- [Summer] [main] o.hibernate.jpa.internal.util.LogHelper  : HHH000204: Processing PersistenceUnitInfo [name: default]
2025-07-20T16:19:37.235+08:00  INFO 25664 --- [Summer] [main] org.hibernate.Version                    : HHH000412: Hibernate ORM core version 6.6.18.Final
2025-07-20T16:19:37.319+08:00  INFO 25664 --- [Summer] [main] o.h.c.internal.RegionFactoryInitiator    : HHH000026: Second-level cache disabled
2025-07-20T16:19:37.599+08:00  INFO 25664 --- [Summer] [main] com.zaxxer.hikari.HikariDataSource       : HikariPool-1 - Starting...
2025-07-20T16:19:38.633+08:00  WARN 25664 --- [Summer] [main] o.h.engine.jdbc.spi.SqlExceptionHelper   : SQL Error: 1049, SQLState: 42000
2025-07-20T16:19:38.634+08:00 ERROR 25664 --- [Summer] [main] o.h.engine.jdbc.spi.SqlExceptionHelper   : Unknown database 'project'
2025-07-20T16:19:38.639+08:00  WARN 25664 --- [Summer] [main] o.h.e.j.e.i.JdbcEnvironmentInitiator     : HHH000342: Could not obtain connection to query metadata

org.hibernate.exception.SQLGrammarException: unable to obtain isolated JDBC connection [Unknown database 'project'] [n/a]
	at org.hibernate.exception.internal.SQLStateConversionDelegate.convert(SQLStateConversionDelegate.java:91) ~[hibernate-core-6.6.18.Final.jar:6.6.18.Final]
	at org.hibernate.exception.internal.StandardSQLExceptionConverter.convert(StandardSQLExceptionConverter.java:58) ~[hibernate-core-6.6.18.Final.jar:6.6.18.Final]
	at org.hibernate.engine.jdbc.spi.SqlExceptionHelper.convert(SqlExceptionHelper.java:108) ~[hibernate-core-6.6.18.Final.jar:6.6.18.Final]
	at org.hibernate.engine.jdbc.spi.SqlExceptionHelper.convert(SqlExceptionHelper.java:94) ~[hibernate-core-6.6.18.Final.jar:6.6.18.Final]
	at org.hibernate.resource.transaction.backend.jdbc.internal.JdbcIsolationDelegate.delegateWork(JdbcIsolationDelegate.java:116) ~[hibernate-core-6.6.18.Final.jar:6.6.18.Final]
	at org.hibernate.engine.jdbc.env.internal.JdbcEnvironmentInitiator.getJdbcEnvironmentUsingJdbcMetadata(JdbcEnvironmentInitiator.java:336) ~[hibernate-core-6.6.18.Final.jar:6.6.18.Final]
	at org.hibernate.engine.jdbc.env.internal.JdbcEnvironmentInitiator.initiateService(JdbcEnvironmentInitiator.java:129) ~[hibernate-core-6.6.18.Final.jar:6.6.18.Final]
	at org.hibernate.engine.jdbc.env.internal.JdbcEnvironmentInitiator.initiateService(JdbcEnvironmentInitiator.java:81) ~[hibernate-core-6.6.18.Final.jar:6.6.18.Final]
	at org.hibernate.boot.registry.internal.StandardServiceRegistryImpl.initiateService(StandardServiceRegistryImpl.java:130) ~[hibernate-core-6.6.18.Final.jar:6.6.18.Final]
	at org.hibernate.service.internal.AbstractServiceRegistryImpl.createService(AbstractServiceRegistryImpl.java:263) ~[hibernate-core-6.6.18.Final.jar:6.6.18.Final]
	at org.hibernate.service.internal.AbstractServiceRegistryImpl.initializeService(AbstractServiceRegistryImpl.java:238) ~[hibernate-core-6.6.18.Final.jar:6.6.18.Final]
	at org.hibernate.service.internal.AbstractServiceRegistryImpl.getService(AbstractServiceRegistryImpl.java:215) ~[hibernate-core-6.6.18.Final.jar:6.6.18.Final]
	at org.hibernate.service.ServiceRegistry.requireService(ServiceRegistry.java:68) ~[hibernate-core-6.6.18.Final.jar:6.6.18.Final]
	at org.hibernate.engine.jdbc.internal.JdbcServicesImpl.configure(JdbcServicesImpl.java:52) ~[hibernate-core-6.6.18.Final.jar:6.6.18.Final]
	at org.hibernate.boot.registry.internal.StandardServiceRegistryImpl.configureService(StandardServiceRegistryImpl.java:136) ~[hibernate-core-6.6.18.Final.jar:6.6.18.Final]
	at org.hibernate.service.internal.AbstractServiceRegistryImpl.initializeService(AbstractServiceRegistryImpl.java:247) ~[hibernate-core-6.6.18.Final.jar:6.6.18.Final]
	at org.hibernate.service.internal.AbstractServiceRegistryImpl.getService(AbstractServiceRegistryImpl.java:215) ~[hibernate-core-6.6.18.Final.jar:6.6.18.Final]
	at com.vladmihalcea.hibernate.type.HibernateTypesContributor.contribute(HibernateTypesContributor.java:31) ~[hibernate-types-60-2.21.1.jar:na]
	at org.hibernate.boot.internal.MetadataBuilderImpl.applyTypes(MetadataBuilderImpl.java:295) ~[hibernate-core-6.6.18.Final.jar:6.6.18.Final]
	at java.base/java.lang.Iterable.forEach(Iterable.java:75) ~[na:na]
	at java.base/java.util.Collections$UnmodifiableCollection.forEach(Collections.java:1092) ~[na:na]
	at org.hibernate.jpa.boot.internal.EntityManagerFactoryBuilderImpl.applyTypeContributors(EntityManagerFactoryBuilderImpl.java:1414) ~[hibernate-core-6.6.18.Final.jar:6.6.18.Final]
	at org.hibernate.jpa.boot.internal.EntityManagerFactoryBuilderImpl.applyMetamodelBuilderSettings(EntityManagerFactoryBuilderImpl.java:1395) ~[hibernate-core-6.6.18.Final.jar:6.6.18.Final]
	at org.hibernate.jpa.boot.internal.EntityManagerFactoryBuilderImpl.<init>(EntityManagerFactoryBuilderImpl.java:281) ~[hibernate-core-6.6.18.Final.jar:6.6.18.Final]
	at org.hibernate.jpa.boot.internal.EntityManagerFactoryBuilderImpl.<init>(EntityManagerFactoryBuilderImpl.java:199) ~[hibernate-core-6.6.18.Final.jar:6.6.18.Final]
	at org.springframework.orm.jpa.vendor.SpringHibernateJpaPersistenceProvider.createContainerEntityManagerFactory(SpringHibernateJpaPersistenceProvider.java:54) ~[spring-orm-6.2.8.jar:6.2.8]
	at org.springframework.orm.jpa.LocalContainerEntityManagerFactoryBean.createNativeEntityManagerFactory(LocalContainerEntityManagerFactoryBean.java:390) ~[spring-orm-6.2.8.jar:6.2.8]
	at org.springframework.orm.jpa.AbstractEntityManagerFactoryBean.buildNativeEntityManagerFactory(AbstractEntityManagerFactoryBean.java:419) ~[spring-orm-6.2.8.jar:6.2.8]
	at org.springframework.orm.jpa.AbstractEntityManagerFactoryBean.afterPropertiesSet(AbstractEntityManagerFactoryBean.java:400) ~[spring-orm-6.2.8.jar:6.2.8]
	at org.springframework.orm.jpa.LocalContainerEntityManagerFactoryBean.afterPropertiesSet(LocalContainerEntityManagerFactoryBean.java:366) ~[spring-orm-6.2.8.jar:6.2.8]
	at org.springframework.beans.factory.support.AbstractAutowireCapableBeanFactory.invokeInitMethods(AbstractAutowireCapableBeanFactory.java:1873) ~[spring-beans-6.2.8.jar:6.2.8]
	at org.springframework.beans.factory.support.AbstractAutowireCapableBeanFactory.initializeBean(AbstractAutowireCapableBeanFactory.java:1822) ~[spring-beans-6.2.8.jar:6.2.8]
	at org.springframework.beans.factory.support.AbstractAutowireCapableBeanFactory.doCreateBean(AbstractAutowireCapableBeanFactory.java:607) ~[spring-beans-6.2.8.jar:6.2.8]
	at org.springframework.beans.factory.support.AbstractAutowireCapableBeanFactory.createBean(AbstractAutowireCapableBeanFactory.java:529) ~[spring-beans-6.2.8.jar:6.2.8]
	at org.springframework.beans.factory.support.AbstractBeanFactory.lambda$doGetBean$0(AbstractBeanFactory.java:339) ~[spring-beans-6.2.8.jar:6.2.8]
	at org.springframework.beans.factory.support.DefaultSingletonBeanRegistry.getSingleton(DefaultSingletonBeanRegistry.java:373) ~[spring-beans-6.2.8.jar:6.2.8]
	at org.springframework.beans.factory.support.AbstractBeanFactory.doGetBean(AbstractBeanFactory.java:337) ~[spring-beans-6.2.8.jar:6.2.8]
	at org.springframework.beans.factory.support.AbstractBeanFactory.getBean(AbstractBeanFactory.java:207) ~[spring-beans-6.2.8.jar:6.2.8]
	at org.springframework.context.support.AbstractApplicationContext.finishBeanFactoryInitialization(AbstractApplicationContext.java:970) ~[spring-context-6.2.8.jar:6.2.8]
	at org.springframework.context.support.AbstractApplicationContext.refresh(AbstractApplicationContext.java:627) ~[spring-context-6.2.8.jar:6.2.8]
	at org.springframework.boot.web.servlet.context.ServletWebServerApplicationContext.refresh(ServletWebServerApplicationContext.java:146) ~[spring-boot-3.5.3.jar:3.5.3]
	at org.springframework.boot.SpringApplication.refresh(SpringApplication.java:752) ~[spring-boot-3.5.3.jar:3.5.3]
	at org.springframework.boot.SpringApplication.refreshContext(SpringApplication.java:439) ~[spring-boot-3.5.3.jar:3.5.3]
	at org.springframework.boot.SpringApplication.run(SpringApplication.java:318) ~[spring-boot-3.5.3.jar:3.5.3]
	at org.springframework.boot.SpringApplication.run(SpringApplication.java:1361) ~[spring-boot-3.5.3.jar:3.5.3]
	at org.springframework.boot.SpringApplication.run(SpringApplication.java:1350) ~[spring-boot-3.5.3.jar:3.5.3]
	at jesper.summer.SummerApplication.main(SummerApplication.java:15) ~[classes/:na]
Caused by: java.sql.SQLSyntaxErrorException: Unknown database 'project'
	at com.mysql.cj.jdbc.exceptions.SQLError.createSQLException(SQLError.java:112) ~[mysql-connector-j-9.2.0.jar:9.2.0]
	at com.mysql.cj.jdbc.exceptions.SQLExceptionsMapping.translateException(SQLExceptionsMapping.java:114) ~[mysql-connector-j-9.2.0.jar:9.2.0]
	at com.mysql.cj.jdbc.ConnectionImpl.createNewIO(ConnectionImpl.java:837) ~[mysql-connector-j-9.2.0.jar:9.2.0]
	at com.mysql.cj.jdbc.ConnectionImpl.<init>(ConnectionImpl.java:420) ~[mysql-connector-j-9.2.0.jar:9.2.0]
	at com.mysql.cj.jdbc.ConnectionImpl.getInstance(ConnectionImpl.java:238) ~[mysql-connector-j-9.2.0.jar:9.2.0]
	at com.mysql.cj.jdbc.NonRegisteringDriver.connect(NonRegisteringDriver.java:180) ~[mysql-connector-j-9.2.0.jar:9.2.0]
	at com.zaxxer.hikari.util.DriverDataSource.getConnection(DriverDataSource.java:139) ~[HikariCP-6.3.0.jar:na]
	at com.zaxxer.hikari.pool.PoolBase.newConnection(PoolBase.java:368) ~[HikariCP-6.3.0.jar:na]
	at com.zaxxer.hikari.pool.PoolBase.newPoolEntry(PoolBase.java:205) ~[HikariCP-6.3.0.jar:na]
	at com.zaxxer.hikari.pool.HikariPool.createPoolEntry(HikariPool.java:483) ~[HikariCP-6.3.0.jar:na]
	at com.zaxxer.hikari.pool.HikariPool.checkFailFast(HikariPool.java:571) ~[HikariCP-6.3.0.jar:na]
	at com.zaxxer.hikari.pool.HikariPool.<init>(HikariPool.java:101) ~[HikariCP-6.3.0.jar:na]
	at com.zaxxer.hikari.HikariDataSource.getConnection(HikariDataSource.java:111) ~[HikariCP-6.3.0.jar:na]
	at org.hibernate.engine.jdbc.connections.internal.DatasourceConnectionProviderImpl.getConnection(DatasourceConnectionProviderImpl.java:126) ~[hibernate-core-6.6.18.Final.jar:6.6.18.Final]
	at org.hibernate.engine.jdbc.env.internal.JdbcEnvironmentInitiator$ConnectionProviderJdbcConnectionAccess.obtainConnection(JdbcEnvironmentInitiator.java:483) ~[hibernate-core-6.6.18.Final.jar:6.6.18.Final]
	at org.hibernate.resource.transaction.backend.jdbc.internal.JdbcIsolationDelegate.delegateWork(JdbcIsolationDelegate.java:61) ~[hibernate-core-6.6.18.Final.jar:6.6.18.Final]
	... 42 common frames omitted

2025-07-20T16:19:38.741+08:00  WARN 25664 --- [Summer] [main] org.hibernate.orm.deprecation            : HHH90000025: MySQL8Dialect does not need to be specified explicitly using 'hibernate.dialect' (remove the property setting and it will be selected by default)
2025-07-20T16:19:38.744+08:00  WARN 25664 --- [Summer] [main] org.hibernate.orm.deprecation            : HHH90000026: MySQL8Dialect has been deprecated; use org.hibernate.dialect.MySQLDialect instead
2025-07-20T16:19:38.777+08:00  INFO 25664 --- [Summer] [main] org.hibernate.orm.connections.pooling    : HHH10001005: Database info:
	Database JDBC URL [Connecting through datasource 'HikariDataSource (null)']
	Database driver: undefined/unknown
	Database version: 8.0
	Autocommit mode: undefined/unknown
	Isolation level: undefined/unknown
	Minimum pool size: undefined/unknown
	Maximum pool size: undefined/unknown
2025-07-20T16:19:39.822+08:00  INFO 25664 --- [Summer] [main] o.s.o.j.p.SpringPersistenceUnitInfo      : No LoadTimeWeaver setup: ignoring JPA class transformer
2025-07-20T16:19:39.860+08:00 DEBUG 25664 --- [Summer] [main] o.h.t.d.sql.spi.DdlTypeRegistry          : addDescriptor(12, org.hibernate.type.descriptor.sql.internal.CapacityDependentDdlType@144440f5) replaced previous registration(org.hibernate.type.descriptor.sql.internal.CapacityDependentDdlType@3e2c8ef)
2025-07-20T16:19:39.861+08:00 DEBUG 25664 --- [Summer] [main] o.h.t.d.sql.spi.DdlTypeRegistry          : addDescriptor(-9, org.hibernate.type.descriptor.sql.internal.CapacityDependentDdlType@290807e5) replaced previous registration(org.hibernate.type.descriptor.sql.internal.CapacityDependentDdlType@60bc308b)
2025-07-20T16:19:39.861+08:00 DEBUG 25664 --- [Summer] [main] o.h.t.d.sql.spi.DdlTypeRegistry          : addDescriptor(-3, org.hibernate.type.descriptor.sql.internal.CapacityDependentDdlType@56499781) replaced previous registration(org.hibernate.type.descriptor.sql.internal.CapacityDependentDdlType@43f99817)
2025-07-20T16:19:39.862+08:00 DEBUG 25664 --- [Summer] [main] o.h.t.d.sql.spi.DdlTypeRegistry          : addDescriptor(4003, org.hibernate.type.descriptor.sql.internal.DdlTypeImpl@2a2798a2) replaced previous registration(org.hibernate.type.descriptor.sql.internal.DdlTypeImpl@2b9ecd05)
2025-07-20T16:19:39.862+08:00 DEBUG 25664 --- [Summer] [main] o.h.t.d.sql.spi.DdlTypeRegistry          : addDescriptor(4001, org.hibernate.type.descriptor.sql.internal.DdlTypeImpl@31f1b268) replaced previous registration(org.hibernate.type.descriptor.sql.internal.DdlTypeImpl@3ec7ad61)
2025-07-20T16:19:39.862+08:00 DEBUG 25664 --- [Summer] [main] o.h.t.d.sql.spi.DdlTypeRegistry          : addDescriptor(4002, org.hibernate.type.descriptor.sql.internal.DdlTypeImpl@2833c093) replaced previous registration(org.hibernate.type.descriptor.sql.internal.DdlTypeImpl@7598d675)
2025-07-20T16:19:39.863+08:00 DEBUG 25664 --- [Summer] [main] o.h.t.d.sql.spi.DdlTypeRegistry          : addDescriptor(2004, org.hibernate.type.descriptor.sql.internal.CapacityDependentDdlType@4946485c) replaced previous registration(org.hibernate.type.descriptor.sql.internal.DdlTypeImpl@4ae958b0)
2025-07-20T16:19:39.864+08:00 DEBUG 25664 --- [Summer] [main] o.h.t.d.sql.spi.DdlTypeRegistry          : addDescriptor(2005, org.hibernate.type.descriptor.sql.internal.CapacityDependentDdlType@7c682e26) replaced previous registration(org.hibernate.type.descriptor.sql.internal.DdlTypeImpl@4ff074a0)
2025-07-20T16:19:39.864+08:00 DEBUG 25664 --- [Summer] [main] o.h.t.d.sql.spi.DdlTypeRegistry          : addDescriptor(2011, org.hibernate.type.descriptor.sql.internal.CapacityDependentDdlType@340fc1aa) replaced previous registration(org.hibernate.type.descriptor.sql.internal.DdlTypeImpl@34a33343)
2025-07-20T16:19:42.638+08:00  INFO 25664 --- [Summer] [main] o.h.e.t.j.p.i.JtaPlatformInitiator       : HHH000489: No JTA platform available (set 'hibernate.transaction.jta.platform' to enable JTA platform integration)
2025-07-20T16:19:42.648+08:00  INFO 25664 --- [Summer] [main] j.LocalContainerEntityManagerFactoryBean : Initialized JPA EntityManagerFactory for persistence unit 'default'
2025-07-20T16:19:43.622+08:00  INFO 25664 --- [Summer] [main] o.s.d.j.r.query.QueryEnhancerFactory     : Hibernate is in classpath; If applicable, HQL parser will be used.
2025-07-20T16:19:45.100+08:00  INFO 25664 --- [Summer] [main] jesper.summer.utils.FaceUtils            : apiId:119499427
2025-07-20T16:19:45.100+08:00  INFO 25664 --- [Summer] [main] jesper.summer.utils.FaceUtils            : apiKey:9BVVD2tzTetaizb4JmaUZDBC
2025-07-20T16:19:45.102+08:00  INFO 25664 --- [Summer] [main] jesper.summer.utils.FaceUtils            : secretKey:Xs3B1e9tK6pe2R7jYA5opCOedQtvPQGh
2025-07-20T16:19:47.018+08:00  WARN 25664 --- [Summer] [main] JpaBaseConfiguration$JpaWebConfiguration : spring.jpa.open-in-view is enabled by default. Therefore, database queries may be performed during view rendering. Explicitly configure spring.jpa.open-in-view to disable this warning
2025-07-20T16:19:47.463+08:00  WARN 25664 --- [Summer] [main] .s.s.UserDetailsServiceAutoConfiguration : 

Using generated security password: 3fe5b323-0660-439c-8a65-abd4d2064552

This generated password is for development use only. Your security configuration must be updated before running your application in production.

2025-07-20T16:19:47.478+08:00  INFO 25664 --- [Summer] [main] r$InitializeUserDetailsManagerConfigurer : Global AuthenticationManager configured with UserDetailsService bean with name inMemoryUserDetailsManager
2025-07-20T16:19:49.341+08:00  INFO 25664 --- [Summer] [main] o.s.b.w.embedded.tomcat.TomcatWebServer  : Tomcat started on port 10123 (http) with context path '/'
2025-07-20T16:19:49.367+08:00  INFO 25664 --- [Summer] [main] jesper.summer.SummerApplication          : Started SummerApplication in 18.409 seconds (process running for 21.798)
2025-07-20T16:19:50.539+08:00  INFO 25664 --- [Summer] [http-nio-10123-exec-2] o.a.c.c.C.[Tomcat].[localhost].[/]       : Initializing Spring DispatcherServlet 'dispatcherServlet'
2025-07-20T16:19:50.540+08:00  INFO 25664 --- [Summer] [http-nio-10123-exec-2] o.s.web.servlet.DispatcherServlet        : Initializing Servlet 'dispatcherServlet'
2025-07-20T16:19:50.542+08:00  INFO 25664 --- [Summer] [http-nio-10123-exec-2] o.s.web.servlet.DispatcherServlet        : Completed initialization in 1 ms
2025-07-20T16:19:50.698+08:00 DEBUG 25664 --- [Summer] [http-nio-10123-exec-2] org.hibernate.SQL                        : 
    select
        al1_0.device_id,
        count(al1_0.log_id) 
    from
        access_log al1_0 
    where
        date(al1_0.access_time)=current_date 
        and al1_0.result=1 
    group by
        al1_0.device_id
2025-07-20T16:19:50.698+08:00  INFO 25664 --- [Summer] [http-nio-10123-exec-2] com.zaxxer.hikari.HikariDataSource       : HikariPool-1 - Starting...
2025-07-20T16:19:51.716+08:00  WARN 25664 --- [Summer] [http-nio-10123-exec-2] o.h.engine.jdbc.spi.SqlExceptionHelper   : SQL Error: 1049, SQLState: 42000
2025-07-20T16:19:51.716+08:00 ERROR 25664 --- [Summer] [http-nio-10123-exec-2] o.h.engine.jdbc.spi.SqlExceptionHelper   : Unknown database 'project'
2025-07-20T16:19:51.723+08:00 ERROR 25664 --- [Summer] [http-nio-10123-exec-2] j.s.exception.GlobalExceptionHandler     : Unable to acquire JDBC Connection [Unknown database 'project'] [n/a]; SQL [n/a]
2025-07-20T16:20:23.049+08:00  INFO 25664 --- [Summer] [SpringApplicationShutdownHook] o.s.b.w.e.tomcat.GracefulShutdown        : Commencing graceful shutdown. Waiting for active requests to complete
2025-07-20T16:20:23.067+08:00  INFO 25664 --- [Summer] [tomcat-shutdown] o.s.b.w.e.tomcat.GracefulShutdown        : Graceful shutdown complete
2025-07-20T16:20:23.070+08:00  INFO 25664 --- [Summer] [SpringApplicationShutdownHook] j.LocalContainerEntityManagerFactoryBean : Closing JPA EntityManagerFactory for persistence unit 'default'
2025-07-20T16:20:26.616+08:00  INFO 12368 --- [Summer] [main] jesper.summer.SummerApplication          : Starting SummerApplication using Java 20.0.1 with PID 12368 (E:\Desktop\Github desktop备份集\Back\target\classes started by 13620 in E:\Desktop\Github desktop备份集\Back)
2025-07-20T16:20:26.621+08:00  INFO 12368 --- [Summer] [main] jesper.summer.SummerApplication          : No active profile set, falling back to 1 default profile: "default"
2025-07-20T16:20:27.744+08:00  INFO 12368 --- [Summer] [main] .s.d.r.c.RepositoryConfigurationDelegate : Bootstrapping Spring Data JPA repositories in DEFAULT mode.
2025-07-20T16:20:27.854+08:00  INFO 12368 --- [Summer] [main] .s.d.r.c.RepositoryConfigurationDelegate : Finished Spring Data repository scanning in 93 ms. Found 5 JPA repository interfaces.
2025-07-20T16:20:28.868+08:00  INFO 12368 --- [Summer] [main] o.s.b.w.embedded.tomcat.TomcatWebServer  : Tomcat initialized with port 10123 (http)
2025-07-20T16:20:28.887+08:00  INFO 12368 --- [Summer] [main] o.apache.catalina.core.StandardService   : Starting service [Tomcat]
2025-07-20T16:20:28.887+08:00  INFO 12368 --- [Summer] [main] o.apache.catalina.core.StandardEngine    : Starting Servlet engine: [Apache Tomcat/10.1.42]
2025-07-20T16:20:28.953+08:00  INFO 12368 --- [Summer] [main] o.a.c.c.C.[Tomcat].[localhost].[/]       : Initializing Spring embedded WebApplicationContext
2025-07-20T16:20:28.954+08:00  INFO 12368 --- [Summer] [main] w.s.c.ServletWebServerApplicationContext : Root WebApplicationContext: initialization completed in 2210 ms
2025-07-20T16:20:29.124+08:00  INFO 12368 --- [Summer] [main] com.zaxxer.hikari.HikariDataSource       : HikariPool-1 - Starting...
2025-07-20T16:20:29.357+08:00  INFO 12368 --- [Summer] [main] com.zaxxer.hikari.pool.HikariPool        : HikariPool-1 - Added connection com.mysql.cj.jdbc.ConnectionImpl@3b170235
2025-07-20T16:20:29.361+08:00  INFO 12368 --- [Summer] [main] com.zaxxer.hikari.HikariDataSource       : HikariPool-1 - Start completed.
2025-07-20T16:20:29.418+08:00  INFO 12368 --- [Summer] [main] o.hibernate.jpa.internal.util.LogHelper  : HHH000204: Processing PersistenceUnitInfo [name: default]
2025-07-20T16:20:29.492+08:00  INFO 12368 --- [Summer] [main] org.hibernate.Version                    : HHH000412: Hibernate ORM core version 6.6.18.Final
2025-07-20T16:20:29.536+08:00  INFO 12368 --- [Summer] [main] o.h.c.internal.RegionFactoryInitiator    : HHH000026: Second-level cache disabled
2025-07-20T16:20:29.757+08:00  WARN 12368 --- [Summer] [main] org.hibernate.orm.deprecation            : HHH90000025: MySQL8Dialect does not need to be specified explicitly using 'hibernate.dialect' (remove the property setting and it will be selected by default)
2025-07-20T16:20:29.758+08:00  WARN 12368 --- [Summer] [main] org.hibernate.orm.deprecation            : HHH90000026: MySQL8Dialect has been deprecated; use org.hibernate.dialect.MySQLDialect instead
2025-07-20T16:20:29.774+08:00  INFO 12368 --- [Summer] [main] org.hibernate.orm.connections.pooling    : HHH10001005: Database info:
	Database JDBC URL [Connecting through datasource 'HikariDataSource (HikariPool-1)']
	Database driver: undefined/unknown
	Database version: 8.0
	Autocommit mode: undefined/unknown
	Isolation level: undefined/unknown
	Minimum pool size: undefined/unknown
	Maximum pool size: undefined/unknown
2025-07-20T16:20:30.038+08:00  INFO 12368 --- [Summer] [main] o.s.o.j.p.SpringPersistenceUnitInfo      : No LoadTimeWeaver setup: ignoring JPA class transformer
2025-07-20T16:20:30.056+08:00 DEBUG 12368 --- [Summer] [main] o.h.t.d.sql.spi.DdlTypeRegistry          : addDescriptor(12, org.hibernate.type.descriptor.sql.internal.CapacityDependentDdlType@78fb72cb) replaced previous registration(org.hibernate.type.descriptor.sql.internal.CapacityDependentDdlType@398694a6)
2025-07-20T16:20:30.057+08:00 DEBUG 12368 --- [Summer] [main] o.h.t.d.sql.spi.DdlTypeRegistry          : addDescriptor(-9, org.hibernate.type.descriptor.sql.internal.CapacityDependentDdlType@653e7b) replaced previous registration(org.hibernate.type.descriptor.sql.internal.CapacityDependentDdlType@6b64429e)
2025-07-20T16:20:30.057+08:00 DEBUG 12368 --- [Summer] [main] o.h.t.d.sql.spi.DdlTypeRegistry          : addDescriptor(-3, org.hibernate.type.descriptor.sql.internal.CapacityDependentDdlType@48aa0813) replaced previous registration(org.hibernate.type.descriptor.sql.internal.CapacityDependentDdlType@45849604)
2025-07-20T16:20:30.057+08:00 DEBUG 12368 --- [Summer] [main] o.h.t.d.sql.spi.DdlTypeRegistry          : addDescriptor(4003, org.hibernate.type.descriptor.sql.internal.DdlTypeImpl@6cbbfe29) replaced previous registration(org.hibernate.type.descriptor.sql.internal.DdlTypeImpl@25823192)
2025-07-20T16:20:30.057+08:00 DEBUG 12368 --- [Summer] [main] o.h.t.d.sql.spi.DdlTypeRegistry          : addDescriptor(4001, org.hibernate.type.descriptor.sql.internal.DdlTypeImpl@3df04fa1) replaced previous registration(org.hibernate.type.descriptor.sql.internal.DdlTypeImpl@5c25daad)
2025-07-20T16:20:30.057+08:00 DEBUG 12368 --- [Summer] [main] o.h.t.d.sql.spi.DdlTypeRegistry          : addDescriptor(4002, org.hibernate.type.descriptor.sql.internal.DdlTypeImpl@6fdc2db6) replaced previous registration(org.hibernate.type.descriptor.sql.internal.DdlTypeImpl@5be69f7e)
2025-07-20T16:20:30.058+08:00 DEBUG 12368 --- [Summer] [main] o.h.t.d.sql.spi.DdlTypeRegistry          : addDescriptor(2004, org.hibernate.type.descriptor.sql.internal.CapacityDependentDdlType@64544ee4) replaced previous registration(org.hibernate.type.descriptor.sql.internal.DdlTypeImpl@16d61071)
2025-07-20T16:20:30.058+08:00 DEBUG 12368 --- [Summer] [main] o.h.t.d.sql.spi.DdlTypeRegistry          : addDescriptor(2005, org.hibernate.type.descriptor.sql.internal.CapacityDependentDdlType@18692e80) replaced previous registration(org.hibernate.type.descriptor.sql.internal.DdlTypeImpl@779b4f9c)
2025-07-20T16:20:30.058+08:00 DEBUG 12368 --- [Summer] [main] o.h.t.d.sql.spi.DdlTypeRegistry          : addDescriptor(2011, org.hibernate.type.descriptor.sql.internal.CapacityDependentDdlType@31fe0ce5) replaced previous registration(org.hibernate.type.descriptor.sql.internal.DdlTypeImpl@178dc733)
2025-07-20T16:20:31.268+08:00  INFO 12368 --- [Summer] [main] o.h.e.t.j.p.i.JtaPlatformInitiator       : HHH000489: No JTA platform available (set 'hibernate.transaction.jta.platform' to enable JTA platform integration)
2025-07-20T16:20:31.272+08:00  INFO 12368 --- [Summer] [main] j.LocalContainerEntityManagerFactoryBean : Initialized JPA EntityManagerFactory for persistence unit 'default'
2025-07-20T16:20:31.618+08:00  INFO 12368 --- [Summer] [main] o.s.d.j.r.query.QueryEnhancerFactory     : Hibernate is in classpath; If applicable, HQL parser will be used.
2025-07-20T16:20:32.418+08:00  INFO 12368 --- [Summer] [main] jesper.summer.utils.FaceUtils            : apiId:119499427
2025-07-20T16:20:32.419+08:00  INFO 12368 --- [Summer] [main] jesper.summer.utils.FaceUtils            : apiKey:9BVVD2tzTetaizb4JmaUZDBC
2025-07-20T16:20:32.419+08:00  INFO 12368 --- [Summer] [main] jesper.summer.utils.FaceUtils            : secretKey:Xs3B1e9tK6pe2R7jYA5opCOedQtvPQGh
2025-07-20T16:20:33.061+08:00  WARN 12368 --- [Summer] [main] JpaBaseConfiguration$JpaWebConfiguration : spring.jpa.open-in-view is enabled by default. Therefore, database queries may be performed during view rendering. Explicitly configure spring.jpa.open-in-view to disable this warning
2025-07-20T16:20:33.266+08:00  WARN 12368 --- [Summer] [main] .s.s.UserDetailsServiceAutoConfiguration : 

Using generated security password: 27e6ff2b-501a-4125-91d2-67abb2a65bf3

This generated password is for development use only. Your security configuration must be updated before running your application in production.

2025-07-20T16:20:33.276+08:00  INFO 12368 --- [Summer] [main] r$InitializeUserDetailsManagerConfigurer : Global AuthenticationManager configured with UserDetailsService bean with name inMemoryUserDetailsManager
2025-07-20T16:20:33.621+08:00  INFO 12368 --- [Summer] [main] o.s.b.w.embedded.tomcat.TomcatWebServer  : Tomcat started on port 10123 (http) with context path '/'
2025-07-20T16:20:33.629+08:00  INFO 12368 --- [Summer] [main] jesper.summer.SummerApplication          : Started SummerApplication in 8.124 seconds (process running for 8.947)
2025-07-20T16:22:04.063+08:00  INFO 12368 --- [Summer] [http-nio-10123-exec-4] o.a.c.c.C.[Tomcat].[localhost].[/]       : Initializing Spring DispatcherServlet 'dispatcherServlet'
2025-07-20T16:22:04.064+08:00  INFO 12368 --- [Summer] [http-nio-10123-exec-4] o.s.web.servlet.DispatcherServlet        : Initializing Servlet 'dispatcherServlet'
2025-07-20T16:22:04.066+08:00  INFO 12368 --- [Summer] [http-nio-10123-exec-4] o.s.web.servlet.DispatcherServlet        : Completed initialization in 2 ms
2025-07-20T16:22:04.283+08:00 DEBUG 12368 --- [Summer] [http-nio-10123-exec-4] org.hibernate.SQL                        : 
    select
        al1_0.device_id,
        count(al1_0.log_id) 
    from
        access_log al1_0 
    where
        date(al1_0.access_time)=current_date 
        and al1_0.result=1 
    group by
        al1_0.device_id
2025-07-20T16:23:01.949+08:00 DEBUG 12368 --- [Summer] [http-nio-10123-exec-7] org.hibernate.SQL                        : 
    select
        ad1_0.device_id,
        ad1_0.create_time,
        ad1_0.device_name,
        ad1_0.device_type,
        ad1_0.latitude,
        ad1_0.location,
        ad1_0.longitude,
        ad1_0.remark,
        ad1_0.status,
        ad1_0.update_time 
    from
        access_device ad1_0 
    where
        ad1_0.device_id=?
2025-07-20T16:23:02.019+08:00 DEBUG 12368 --- [Summer] [http-nio-10123-exec-7] org.hibernate.SQL                        : 
    insert 
    into
        access_device
        (create_time, device_name, device_type, latitude, location, longitude, remark, status, update_time, device_id) 
    values
        (?, ?, ?, ?, ?, ?, ?, ?, ?, ?)
2025-07-20T16:23:23.872+08:00 DEBUG 12368 --- [Summer] [http-nio-10123-exec-3] org.hibernate.SQL                        : 
    insert 
    into
        access_log
        (access_time, access_type, capture_image, confidence, device_id, person_id, result, temperature) 
    values
        (?, ?, ?, ?, ?, ?, ?, ?)
2025-07-20T16:23:30.812+08:00 DEBUG 12368 --- [Summer] [http-nio-10123-exec-5] org.hibernate.SQL                        : 
    insert 
    into
        access_log
        (access_time, access_type, capture_image, confidence, device_id, person_id, result, temperature) 
    values
        (?, ?, ?, ?, ?, ?, ?, ?)
2025-07-20T16:23:35.443+08:00 DEBUG 12368 --- [Summer] [http-nio-10123-exec-6] org.hibernate.SQL                        : 
    insert 
    into
        access_log
        (access_time, access_type, capture_image, confidence, device_id, person_id, result, temperature) 
    values
        (?, ?, ?, ?, ?, ?, ?, ?)
2025-07-20T16:23:37.784+08:00 DEBUG 12368 --- [Summer] [http-nio-10123-exec-2] org.hibernate.SQL                        : 
    insert 
    into
        access_log
        (access_time, access_type, capture_image, confidence, device_id, person_id, result, temperature) 
    values
        (?, ?, ?, ?, ?, ?, ?, ?)
2025-07-20T16:23:42.838+08:00  WARN 12368 --- [Summer] [http-nio-10123-exec-8] o.s.web.servlet.PageNotFound             : No mapping for GET /
2025-07-20T16:23:42.840+08:00 ERROR 12368 --- [Summer] [http-nio-10123-exec-8] j.s.exception.GlobalExceptionHandler     : No endpoint GET /.
2025-07-20T16:24:11.877+08:00 DEBUG 12368 --- [Summer] [http-nio-10123-exec-9] org.hibernate.SQL                        : 
    select
        al1_0.device_id,
        count(al1_0.log_id) 
    from
        access_log al1_0 
    where
        date(al1_0.access_time)=current_date 
        and al1_0.result=1 
    group by
        al1_0.device_id
2025-07-20T16:24:32.779+08:00 DEBUG 12368 --- [Summer] [http-nio-10123-exec-1] org.hibernate.SQL                        : 
    select
        ad1_0.device_id,
        ad1_0.create_time,
        ad1_0.device_name,
        ad1_0.device_type,
        ad1_0.latitude,
        ad1_0.location,
        ad1_0.longitude,
        ad1_0.remark,
        ad1_0.status,
        ad1_0.update_time 
    from
        access_device ad1_0 
    where
        ad1_0.device_id=?
2025-07-20T16:24:32.781+08:00 DEBUG 12368 --- [Summer] [http-nio-10123-exec-1] org.hibernate.SQL                        : 
    insert 
    into
        access_device
        (create_time, device_name, device_type, latitude, location, longitude, remark, status, update_time, device_id) 
    values
        (?, ?, ?, ?, ?, ?, ?, ?, ?, ?)
2025-07-20T16:24:38.207+08:00 DEBUG 12368 --- [Summer] [http-nio-10123-exec-4] org.hibernate.SQL                        : 
    insert 
    into
        access_log
        (access_time, access_type, capture_image, confidence, device_id, person_id, result, temperature) 
    values
        (?, ?, ?, ?, ?, ?, ?, ?)
2025-07-20T16:24:49.291+08:00 DEBUG 12368 --- [Summer] [http-nio-10123-exec-7] org.hibernate.SQL                        : 
    select
        al1_0.device_id,
        count(al1_0.log_id) 
    from
        access_log al1_0 
    where
        date(al1_0.access_time)=current_date 
        and al1_0.result=1 
    group by
        al1_0.device_id
2025-07-20T16:25:06.913+08:00 DEBUG 12368 --- [Summer] [http-nio-10123-exec-3] org.hibernate.SQL                        : 
    insert 
    into
        access_log
        (access_time, access_type, capture_image, confidence, device_id, person_id, result, temperature) 
    values
        (?, ?, ?, ?, ?, ?, ?, ?)
2025-07-20T16:25:36.399+08:00 DEBUG 12368 --- [Summer] [http-nio-10123-exec-5] org.hibernate.SQL                        : 
    select
        al1_0.device_id,
        count(al1_0.log_id) 
    from
        access_log al1_0 
    where
        date(al1_0.access_time)=current_date 
        and al1_0.result=1 
    group by
        al1_0.device_id
2025-07-20T16:25:42.469+08:00  INFO 12368 --- [Summer] [SpringApplicationShutdownHook] o.s.b.w.e.tomcat.GracefulShutdown        : Commencing graceful shutdown. Waiting for active requests to complete
2025-07-20T16:25:42.491+08:00  INFO 12368 --- [Summer] [tomcat-shutdown] o.s.b.w.e.tomcat.GracefulShutdown        : Graceful shutdown complete
2025-07-20T16:25:42.497+08:00  INFO 12368 --- [Summer] [SpringApplicationShutdownHook] j.LocalContainerEntityManagerFactoryBean : Closing JPA EntityManagerFactory for persistence unit 'default'
2025-07-20T16:25:42.498+08:00  INFO 12368 --- [Summer] [SpringApplicationShutdownHook] com.zaxxer.hikari.HikariDataSource       : HikariPool-1 - Shutdown initiated...
2025-07-20T16:25:42.508+08:00  INFO 12368 --- [Summer] [SpringApplicationShutdownHook] com.zaxxer.hikari.HikariDataSource       : HikariPool-1 - Shutdown completed.
2025-07-20T16:25:50.722+08:00  INFO 744 --- [Summer] [main] jesper.summer.SummerApplication          : Starting SummerApplication using Java 20.0.1 with PID 744 (E:\Desktop\Github desktop备份集\Back\target\classes started by 13620 in E:\Desktop\Github desktop备份集\Back)
2025-07-20T16:25:50.728+08:00  INFO 744 --- [Summer] [main] jesper.summer.SummerApplication          : No active profile set, falling back to 1 default profile: "default"
2025-07-20T16:25:51.782+08:00  INFO 744 --- [Summer] [main] .s.d.r.c.RepositoryConfigurationDelegate : Bootstrapping Spring Data JPA repositories in DEFAULT mode.
2025-07-20T16:25:51.861+08:00  INFO 744 --- [Summer] [main] .s.d.r.c.RepositoryConfigurationDelegate : Finished Spring Data repository scanning in 63 ms. Found 5 JPA repository interfaces.
2025-07-20T16:25:52.809+08:00  INFO 744 --- [Summer] [main] o.s.b.w.embedded.tomcat.TomcatWebServer  : Tomcat initialized with port 10123 (http)
2025-07-20T16:25:52.828+08:00  INFO 744 --- [Summer] [main] o.apache.catalina.core.StandardService   : Starting service [Tomcat]
2025-07-20T16:25:52.828+08:00  INFO 744 --- [Summer] [main] o.apache.catalina.core.StandardEngine    : Starting Servlet engine: [Apache Tomcat/10.1.42]
2025-07-20T16:25:52.889+08:00  INFO 744 --- [Summer] [main] o.a.c.c.C.[Tomcat].[localhost].[/]       : Initializing Spring embedded WebApplicationContext
2025-07-20T16:25:52.890+08:00  INFO 744 --- [Summer] [main] w.s.c.ServletWebServerApplicationContext : Root WebApplicationContext: initialization completed in 2039 ms
2025-07-20T16:25:53.084+08:00  INFO 744 --- [Summer] [main] com.zaxxer.hikari.HikariDataSource       : HikariPool-1 - Starting...
2025-07-20T16:25:53.289+08:00  INFO 744 --- [Summer] [main] com.zaxxer.hikari.pool.HikariPool        : HikariPool-1 - Added connection com.mysql.cj.jdbc.ConnectionImpl@2e362407
2025-07-20T16:25:53.291+08:00  INFO 744 --- [Summer] [main] com.zaxxer.hikari.HikariDataSource       : HikariPool-1 - Start completed.
2025-07-20T16:25:53.342+08:00  INFO 744 --- [Summer] [main] o.hibernate.jpa.internal.util.LogHelper  : HHH000204: Processing PersistenceUnitInfo [name: default]
2025-07-20T16:25:53.402+08:00  INFO 744 --- [Summer] [main] org.hibernate.Version                    : HHH000412: Hibernate ORM core version 6.6.18.Final
2025-07-20T16:25:53.456+08:00  INFO 744 --- [Summer] [main] o.h.c.internal.RegionFactoryInitiator    : HHH000026: Second-level cache disabled
2025-07-20T16:25:53.695+08:00  WARN 744 --- [Summer] [main] org.hibernate.orm.deprecation            : HHH90000025: MySQL8Dialect does not need to be specified explicitly using 'hibernate.dialect' (remove the property setting and it will be selected by default)
2025-07-20T16:25:53.697+08:00  WARN 744 --- [Summer] [main] org.hibernate.orm.deprecation            : HHH90000026: MySQL8Dialect has been deprecated; use org.hibernate.dialect.MySQLDialect instead
2025-07-20T16:25:53.711+08:00  INFO 744 --- [Summer] [main] org.hibernate.orm.connections.pooling    : HHH10001005: Database info:
	Database JDBC URL [Connecting through datasource 'HikariDataSource (HikariPool-1)']
	Database driver: undefined/unknown
	Database version: 8.0
	Autocommit mode: undefined/unknown
	Isolation level: undefined/unknown
	Minimum pool size: undefined/unknown
	Maximum pool size: undefined/unknown
2025-07-20T16:25:53.980+08:00  INFO 744 --- [Summer] [main] o.s.o.j.p.SpringPersistenceUnitInfo      : No LoadTimeWeaver setup: ignoring JPA class transformer
2025-07-20T16:25:54.005+08:00 DEBUG 744 --- [Summer] [main] o.h.t.d.sql.spi.DdlTypeRegistry          : addDescriptor(12, org.hibernate.type.descriptor.sql.internal.CapacityDependentDdlType@211da640) replaced previous registration(org.hibernate.type.descriptor.sql.internal.CapacityDependentDdlType@2ec92631)
2025-07-20T16:25:54.006+08:00 DEBUG 744 --- [Summer] [main] o.h.t.d.sql.spi.DdlTypeRegistry          : addDescriptor(-9, org.hibernate.type.descriptor.sql.internal.CapacityDependentDdlType@76220ef1) replaced previous registration(org.hibernate.type.descriptor.sql.internal.CapacityDependentDdlType@65ad2b42)
2025-07-20T16:25:54.007+08:00 DEBUG 744 --- [Summer] [main] o.h.t.d.sql.spi.DdlTypeRegistry          : addDescriptor(-3, org.hibernate.type.descriptor.sql.internal.CapacityDependentDdlType@294ebe11) replaced previous registration(org.hibernate.type.descriptor.sql.internal.CapacityDependentDdlType@4e51eda7)
2025-07-20T16:25:54.007+08:00 DEBUG 744 --- [Summer] [main] o.h.t.d.sql.spi.DdlTypeRegistry          : addDescriptor(4003, org.hibernate.type.descriptor.sql.internal.DdlTypeImpl@2862271a) replaced previous registration(org.hibernate.type.descriptor.sql.internal.DdlTypeImpl@2419fe6f)
2025-07-20T16:25:54.007+08:00 DEBUG 744 --- [Summer] [main] o.h.t.d.sql.spi.DdlTypeRegistry          : addDescriptor(4001, org.hibernate.type.descriptor.sql.internal.DdlTypeImpl@78fb72cb) replaced previous registration(org.hibernate.type.descriptor.sql.internal.DdlTypeImpl@398694a6)
2025-07-20T16:25:54.007+08:00 DEBUG 744 --- [Summer] [main] o.h.t.d.sql.spi.DdlTypeRegistry          : addDescriptor(4002, org.hibernate.type.descriptor.sql.internal.DdlTypeImpl@653e7b) replaced previous registration(org.hibernate.type.descriptor.sql.internal.DdlTypeImpl@6b64429e)
2025-07-20T16:25:54.008+08:00 DEBUG 744 --- [Summer] [main] o.h.t.d.sql.spi.DdlTypeRegistry          : addDescriptor(2004, org.hibernate.type.descriptor.sql.internal.CapacityDependentDdlType@48aa0813) replaced previous registration(org.hibernate.type.descriptor.sql.internal.DdlTypeImpl@45849604)
2025-07-20T16:25:54.008+08:00 DEBUG 744 --- [Summer] [main] o.h.t.d.sql.spi.DdlTypeRegistry          : addDescriptor(2005, org.hibernate.type.descriptor.sql.internal.CapacityDependentDdlType@6cbbfe29) replaced previous registration(org.hibernate.type.descriptor.sql.internal.DdlTypeImpl@25823192)
2025-07-20T16:25:54.008+08:00 DEBUG 744 --- [Summer] [main] o.h.t.d.sql.spi.DdlTypeRegistry          : addDescriptor(2011, org.hibernate.type.descriptor.sql.internal.CapacityDependentDdlType@3df04fa1) replaced previous registration(org.hibernate.type.descriptor.sql.internal.DdlTypeImpl@5c25daad)
2025-07-20T16:25:55.122+08:00  INFO 744 --- [Summer] [main] o.h.e.t.j.p.i.JtaPlatformInitiator       : HHH000489: No JTA platform available (set 'hibernate.transaction.jta.platform' to enable JTA platform integration)
2025-07-20T16:25:55.128+08:00  INFO 744 --- [Summer] [main] j.LocalContainerEntityManagerFactoryBean : Initialized JPA EntityManagerFactory for persistence unit 'default'
2025-07-20T16:25:55.556+08:00  INFO 744 --- [Summer] [main] o.s.d.j.r.query.QueryEnhancerFactory     : Hibernate is in classpath; If applicable, HQL parser will be used.
2025-07-20T16:25:56.464+08:00  INFO 744 --- [Summer] [main] jesper.summer.utils.FaceUtils            : apiId:119499427
2025-07-20T16:25:56.465+08:00  INFO 744 --- [Summer] [main] jesper.summer.utils.FaceUtils            : apiKey:9BVVD2tzTetaizb4JmaUZDBC
2025-07-20T16:25:56.465+08:00  INFO 744 --- [Summer] [main] jesper.summer.utils.FaceUtils            : secretKey:Xs3B1e9tK6pe2R7jYA5opCOedQtvPQGh
2025-07-20T16:25:57.199+08:00  WARN 744 --- [Summer] [main] JpaBaseConfiguration$JpaWebConfiguration : spring.jpa.open-in-view is enabled by default. Therefore, database queries may be performed during view rendering. Explicitly configure spring.jpa.open-in-view to disable this warning
2025-07-20T16:25:57.441+08:00  WARN 744 --- [Summer] [main] .s.s.UserDetailsServiceAutoConfiguration : 

Using generated security password: a72e5d06-e9a6-4962-946b-2f1a08e419b5

This generated password is for development use only. Your security configuration must be updated before running your application in production.

2025-07-20T16:25:57.450+08:00  INFO 744 --- [Summer] [main] r$InitializeUserDetailsManagerConfigurer : Global AuthenticationManager configured with UserDetailsService bean with name inMemoryUserDetailsManager
2025-07-20T16:25:57.819+08:00  INFO 744 --- [Summer] [main] o.s.b.w.embedded.tomcat.TomcatWebServer  : Tomcat started on port 10123 (http) with context path '/'
2025-07-20T16:25:57.829+08:00  INFO 744 --- [Summer] [main] jesper.summer.SummerApplication          : Started SummerApplication in 9.182 seconds (process running for 12.742)
2025-07-20T16:26:01.180+08:00  INFO 744 --- [Summer] [http-nio-10123-exec-3] o.a.c.c.C.[Tomcat].[localhost].[/]       : Initializing Spring DispatcherServlet 'dispatcherServlet'
2025-07-20T16:26:01.180+08:00  INFO 744 --- [Summer] [http-nio-10123-exec-3] o.s.web.servlet.DispatcherServlet        : Initializing Servlet 'dispatcherServlet'
2025-07-20T16:26:01.182+08:00  INFO 744 --- [Summer] [http-nio-10123-exec-3] o.s.web.servlet.DispatcherServlet        : Completed initialization in 1 ms
2025-07-20T16:26:01.323+08:00 DEBUG 744 --- [Summer] [http-nio-10123-exec-3] org.hibernate.SQL                        : 
    select
        al1_0.device_id,
        count(al1_0.log_id) 
    from
        access_log al1_0 
    where
        date(al1_0.access_time)=current_date 
        and al1_0.result=1 
    group by
        al1_0.device_id
2025-07-20T16:27:35.092+08:00 DEBUG 744 --- [Summer] [http-nio-10123-exec-2] org.hibernate.SQL                        : 
    select
        al1_0.device_id,
        count(al1_0.log_id) 
    from
        access_log al1_0 
    where
        date(al1_0.access_time)=current_date 
        and al1_0.result=0 
    group by
        al1_0.device_id
2025-07-20T16:28:07.527+08:00  WARN 744 --- [Summer] [http-nio-10123-exec-6] o.s.web.servlet.PageNotFound             : No mapping for GET /api/logs/device/Person
2025-07-20T16:28:07.531+08:00 ERROR 744 --- [Summer] [http-nio-10123-exec-6] j.s.exception.GlobalExceptionHandler     : No endpoint GET /api/logs/device/Person.
2025-07-20T16:28:27.087+08:00 DEBUG 744 --- [Summer] [http-nio-10123-exec-8] org.hibernate.SQL                        : 
    select
        d1_0.position,
        count(al1_0.log_id) 
    from
        access_log al1_0 
    join
        person p1_0 
            on p1_0.id=al1_0.person_id 
    join
        person_detail d1_0 
            on p1_0.id=d1_0.person_id 
    where
        date(al1_0.access_time)=current_date 
        and al1_0.result=1 
    group by
        d1_0.position
2025-07-20T16:29:24.407+08:00  INFO 744 --- [Summer] [SpringApplicationShutdownHook] o.s.b.w.e.tomcat.GracefulShutdown        : Commencing graceful shutdown. Waiting for active requests to complete
2025-07-20T16:29:24.448+08:00  INFO 744 --- [Summer] [tomcat-shutdown] o.s.b.w.e.tomcat.GracefulShutdown        : Graceful shutdown complete
2025-07-20T16:29:24.454+08:00  INFO 744 --- [Summer] [SpringApplicationShutdownHook] j.LocalContainerEntityManagerFactoryBean : Closing JPA EntityManagerFactory for persistence unit 'default'
2025-07-20T16:29:24.456+08:00  INFO 744 --- [Summer] [SpringApplicationShutdownHook] com.zaxxer.hikari.HikariDataSource       : HikariPool-1 - Shutdown initiated...
2025-07-20T16:29:24.464+08:00  INFO 744 --- [Summer] [SpringApplicationShutdownHook] com.zaxxer.hikari.HikariDataSource       : HikariPool-1 - Shutdown completed.
